#
# A fatal error has been detected by the Java Runtime Environment:
#
#  EXCEPTION_ACCESS_VIOLATION (0xc0000005) at pc=0x0000000002f4934f, pid=5400, tid=0x0000000000001610
#
# JRE version: OpenJDK Runtime Environment (8.0_76-b03) (build 1.8.0_76-release-b03)
# Java VM: OpenJDK 64-Bit Server VM (25.76-b03 mixed mode windows-amd64 compressed oops)
# Problematic frame:
# J 1663 C1 com.android.dx.dex.code.LocalList$MakeState.snapshot(ILcom/android/dx/rop/code/RegisterSpecSet;)V (110 bytes) @ 0x0000000002f4934f [0x0000000002f48e60+0x4ef]
#
# Failed to write core dump. Minidumps are not enabled by default on client versions of Windows
#
# If you would like to submit a bug report, please visit:
#   http://bugreport.java.com/bugreport/crash.jsp
#

---------------  T H R E A D  ---------------

Current thread (0x0000000056f72800):  JavaThread "pool-1-thread-1" [_thread_in_Java, id=5648, stack(0x0000000057be0000,0x0000000057ce0000)]

siginfo: ExceptionCode=0xc0000005, reading address 0x0000000016000118

Registers:
RAX=0x00000000efc02e28, RBX=0x00000000efe02e28, RCX=0x0000000016000118, RDX=0x00000000ec7d2fc0
RSP=0x0000000057cde870, RBP=0x0000000057cdea40, RSI=0x0000000000000004, RDI=0x0000000000000005
R8 =0x0000000054f6e588, R9 =0x00000000c1a757f8, R10=0x000000000000004d, R11=0x000000000004b760
R12=0x0000000000000000, R13=0x0000000000003686, R14=0x00000000efe02e28, R15=0x0000000056f72800
RIP=0x0000000002f4934f, EFLAGS=0x0000000000010206

Top of Stack: (sp=0x0000000057cde870)
0x0000000057cde870:   00000000c1a6a8a8 00000000c1a6a8a8
0x0000000057cde880:   0000000057cde9d8 0000000002f78404
0x0000000057cde890:   00000000efe02e28 0000000400000000
0x0000000057cde8a0:   00000000ec7d2fc0 00000000efe02e28
0x0000000057cde8b0:   0000000000000000 0000000002917a01
0x0000000057cde8c0:   00000000ffffffff 000000000000004d
0x0000000057cde8d0:   00000000ec7d2fe0 00000000ec7d2fe0
0x0000000057cde8e0:   00000000ec7d2fc0 0000000057cde8e8
0x0000000057cde8f0:   0000000200000005 00000000ec7d2fc0
0x0000000057cde900:   00000000c1a757f8 0000000000000000
0x0000000057cde910:   00000000efe02e28 0000000000000004
0x0000000057cde920:   00000000efe02e28 0000000057cdea40
0x0000000057cde930:   0000000002f80f1c 000000000000004d
0x0000000057cde940:   0000000057cdea40 0000000002f81564
0x0000000057cde950:   00000000c1a6a8c8 0000004c00000002
0x0000000057cde960:   00000000ec7d2e18 000000000000004d 

Instructions: (pc=0x0000000002f4934f)
0x0000000002f4932f:   00 00 48 b9 d0 3e e0 54 00 00 00 00 41 81 e3 f8
0x0000000002f4933f:   ff 7f 00 41 83 fb 00 0f 84 d2 09 00 00 8b 48 10
0x0000000002f4934f:   48 3b 01 4c 8b d9 49 bd 00 ca ed 54 00 00 00 00
0x0000000002f4935f:   45 8b 5b 08 4d 3b 9d 10 01 00 00 75 0d 49 83 85 


Register to memory mapping:

RAX=0x00000000efc02e28 is an oop

[error occurred during error reporting (printing register info), id 0xc0000005]

Stack: [0x0000000057be0000,0x0000000057ce0000],  sp=0x0000000057cde870,  free space=1018k
Native frames: (J=compiled Java code, j=interpreted, Vv=VM code, C=native code)
C  0x0000000002f4934f


---------------  P R O C E S S  ---------------

Java Threads: ( => current thread )
=>0x0000000056f72800 JavaThread "pool-1-thread-1" [_thread_in_Java, id=5648, stack(0x0000000057be0000,0x0000000057ce0000)]
  0x0000000056d7c000 JavaThread "Service Thread" daemon [_thread_blocked, id=6848, stack(0x0000000057aa0000,0x0000000057ba0000)]
  0x0000000056d00000 JavaThread "C1 CompilerThread2" daemon [_thread_blocked, id=6576, stack(0x00000000578d0000,0x00000000579d0000)]
  0x0000000056cff000 JavaThread "C2 CompilerThread1" daemon [_thread_blocked, id=6784, stack(0x00000000577c0000,0x00000000578c0000)]
  0x0000000056cf7000 JavaThread "C2 CompilerThread0" daemon [_thread_blocked, id=2696, stack(0x0000000057310000,0x0000000057410000)]
  0x0000000056cf6000 JavaThread "Attach Listener" daemon [_thread_blocked, id=6992, stack(0x0000000057600000,0x0000000057700000)]
  0x0000000056cf4800 JavaThread "Signal Dispatcher" daemon [_thread_blocked, id=6948, stack(0x0000000057420000,0x0000000057520000)]
  0x0000000056ce0800 JavaThread "Finalizer" daemon [_thread_blocked, id=2868, stack(0x00000000571a0000,0x00000000572a0000)]
  0x000000005530f000 JavaThread "Reference Handler" daemon [_thread_blocked, id=7076, stack(0x0000000056ba0000,0x0000000056ca0000)]
  0x000000000231e800 JavaThread "main" [_thread_blocked, id=6348, stack(0x0000000002540000,0x0000000002640000)]

Other Threads:
  0x0000000055303800 VMThread [stack: 0x0000000056a90000,0x0000000056b90000] [id=4488]
  0x0000000056d7c800 WatcherThread [stack: 0x0000000056980000,0x0000000056a80000] [id=812]

VM state:not at safepoint (normal execution)

VM Mutex/Monitor currently owned by a thread: None

Heap:
 PSYoungGen      total 88576K, used 36317K [0x00000000eab00000, 0x00000000f5800000, 0x0000000100000000)
  eden space 81920K, 36% used [0x00000000eab00000,0x00000000ec7face8,0x00000000efb00000)
  from space 6656K, 99% used [0x00000000efb00000,0x00000000f017c8e8,0x00000000f0180000)
  to   space 6656K, 0% used [0x00000000f5180000,0x00000000f5180000,0x00000000f5800000)
 ParOldGen       total 109568K, used 40460K [0x00000000c0000000, 0x00000000c6b00000, 0x00000000eab00000)
  object space 109568K, 36% used [0x00000000c0000000,0x00000000c2783030,0x00000000c6b00000)
 Metaspace       used 6075K, capacity 7216K, committed 7296K, reserved 1056768K
  class space    used 576K, capacity 616K, committed 640K, reserved 1048576K

Card table byte_map: [0x0000000011cd0000,0x0000000011ee0000] byte_map_base: 0x00000000116d0000

Marking Bits: (ParMarkBitMap*) 0x0000000061119d00
 Begin Bits: [0x0000000012720000, 0x0000000013720000)
 End Bits:   [0x0000000013720000, 0x0000000014720000)

Polling page: 0x0000000000130000

CodeCache: size=245760Kb used=6735Kb max_used=6747Kb free=239024Kb
 bounds [0x0000000002910000, 0x0000000002fc0000, 0x0000000011910000]
 total_blobs=1942 nmethods=1681 adapters=175
 compilation: enabled

Compilation events (10 events):
Event: 1.757 Thread 0x0000000056d00000 1709       2       com.android.dx.dex.code.LocalList$MakeState::startLocal (266 bytes)
Event: 1.759 Thread 0x0000000056d00000 nmethod 1709 0x0000000002f8f010 code [0x0000000002f8f360, 0x0000000002f90258]
Event: 1.759 Thread 0x0000000056d00000 1710       2       java.util.ComparableTimSort::sort (219 bytes)
Event: 1.760 Thread 0x0000000056d00000 nmethod 1710 0x0000000002f91910 code [0x0000000002f91ae0, 0x0000000002f91f58]
Event: 1.760 Thread 0x0000000056d00000 1711       2       com.android.dx.dex.file.OffsettedItem::place (78 bytes)
Event: 1.760 Thread 0x0000000056d00000 nmethod 1711 0x0000000002f923d0 code [0x0000000002f92580, 0x0000000002f92938]
Event: 1.762 Thread 0x0000000056d00000 1712       1       com.android.dx.dex.code.form.Form31t::codeSize (2 bytes)
Event: 1.762 Thread 0x0000000056d00000 nmethod 1712 0x0000000002f92b10 code [0x0000000002f92c60, 0x0000000002f92d70]
Event: 1.762 Thread 0x0000000056d00000 1713       1       com.android.dx.dex.code.form.Form31t::branchFits (2 bytes)
Event: 1.762 Thread 0x0000000056d00000 nmethod 1713 0x0000000002f92dd0 code [0x0000000002f92f20, 0x0000000002f93030]

GC Heap History (6 events):
Event: 0.799 GC heap before
{Heap before GC invocations=1 (full 0):
 PSYoungGen      total 47616K, used 40960K [0x00000000eab00000, 0x00000000ee000000, 0x0000000100000000)
  eden space 40960K, 100% used [0x00000000eab00000,0x00000000ed300000,0x00000000ed300000)
  from space 6656K, 0% used [0x00000000ed980000,0x00000000ed980000,0x00000000ee000000)
  to   space 6656K, 0% used [0x00000000ed300000,0x00000000ed300000,0x00000000ed980000)
 ParOldGen       total 109568K, used 0K [0x00000000c0000000, 0x00000000c6b00000, 0x00000000eab00000)
  object space 109568K, 0% used [0x00000000c0000000,0x00000000c0000000,0x00000000c6b00000)
 Metaspace       used 5649K, capacity 6832K, committed 7040K, reserved 1056768K
  class space    used 557K, capacity 616K, committed 640K, reserved 1048576K
Event: 0.821 GC heap after
Heap after GC invocations=1 (full 0):
 PSYoungGen      total 47616K, used 6634K [0x00000000eab00000, 0x00000000f0800000, 0x0000000100000000)
  eden space 40960K, 0% used [0x00000000eab00000,0x00000000eab00000,0x00000000ed300000)
  from space 6656K, 99% used [0x00000000ed300000,0x00000000ed97a810,0x00000000ed980000)
  to   space 6656K, 0% used [0x00000000f0180000,0x00000000f0180000,0x00000000f0800000)
 ParOldGen       total 109568K, used 8100K [0x00000000c0000000, 0x00000000c6b00000, 0x00000000eab00000)
  object space 109568K, 7% used [0x00000000c0000000,0x00000000c07e9088,0x00000000c6b00000)
 Metaspace       used 5649K, capacity 6832K, committed 7040K, reserved 1056768K
  class space    used 557K, capacity 616K, committed 640K, reserved 1048576K
}
Event: 0.943 GC heap before
{Heap before GC invocations=2 (full 0):
 PSYoungGen      total 47616K, used 47594K [0x00000000eab00000, 0x00000000f0800000, 0x0000000100000000)
  eden space 40960K, 100% used [0x00000000eab00000,0x00000000ed300000,0x00000000ed300000)
  from space 6656K, 99% used [0x00000000ed300000,0x00000000ed97a810,0x00000000ed980000)
  to   space 6656K, 0% used [0x00000000f0180000,0x00000000f0180000,0x00000000f0800000)
 ParOldGen       total 109568K, used 8100K [0x00000000c0000000, 0x00000000c6b00000, 0x00000000eab00000)
  object space 109568K, 7% used [0x00000000c0000000,0x00000000c07e9088,0x00000000c6b00000)
 Metaspace       used 5694K, capacity 6896K, committed 7040K, reserved 1056768K
  class space    used 558K, capacity 616K, committed 640K, reserved 1048576K
Event: 0.975 GC heap after
Heap after GC invocations=2 (full 0):
 PSYoungGen      total 88576K, used 6642K [0x00000000eab00000, 0x00000000f0800000, 0x0000000100000000)
  eden space 81920K, 0% used [0x00000000eab00000,0x00000000eab00000,0x00000000efb00000)
  from space 6656K, 99% used [0x00000000f0180000,0x00000000f07fc970,0x00000000f0800000)
  to   space 6656K, 0% used [0x00000000efb00000,0x00000000efb00000,0x00000000f0180000)
 ParOldGen       total 109568K, used 24337K [0x00000000c0000000, 0x00000000c6b00000, 0x00000000eab00000)
  object space 109568K, 22% used [0x00000000c0000000,0x00000000c17c4528,0x00000000c6b00000)
 Metaspace       used 5694K, capacity 6896K, committed 7040K, reserved 1056768K
  class space    used 558K, capacity 616K, committed 640K, reserved 1048576K
}
Event: 1.403 GC heap before
{Heap before GC invocations=3 (full 0):
 PSYoungGen      total 88576K, used 88562K [0x00000000eab00000, 0x00000000f0800000, 0x0000000100000000)
  eden space 81920K, 100% used [0x00000000eab00000,0x00000000efb00000,0x00000000efb00000)
  from space 6656K, 99% used [0x00000000f0180000,0x00000000f07fc970,0x00000000f0800000)
  to   space 6656K, 0% used [0x00000000efb00000,0x00000000efb00000,0x00000000f0180000)
 ParOldGen       total 109568K, used 24337K [0x00000000c0000000, 0x00000000c6b00000, 0x00000000eab00000)
  object space 109568K, 22% used [0x00000000c0000000,0x00000000c17c4528,0x00000000c6b00000)
 Metaspace       used 5817K, capacity 6960K, committed 7040K, reserved 1056768K
  class space    used 560K, capacity 616K, committed 640K, reserved 1048576K
Event: 1.443 GC heap after
Heap after GC invocations=3 (full 0):
 PSYoungGen      total 88576K, used 6642K [0x00000000eab00000, 0x00000000f5800000, 0x0000000100000000)
  eden space 81920K, 0% used [0x00000000eab00000,0x00000000eab00000,0x00000000efb00000)
  from space 6656K, 99% used [0x00000000efb00000,0x00000000f017c8e8,0x00000000f0180000)
  to   space 6656K, 0% used [0x00000000f5180000,0x00000000f5180000,0x00000000f5800000)
 ParOldGen       total 109568K, used 40460K [0x00000000c0000000, 0x00000000c6b00000, 0x00000000eab00000)
  object space 109568K, 36% used [0x00000000c0000000,0x00000000c2783030,0x00000000c6b00000)
 Metaspace       used 5817K, capacity 6960K, committed 7040K, reserved 1056768K
  class space    used 560K, capacity 616K, committed 640K, reserved 1048576K
}

Deoptimization events (10 events):
Event: 1.560 Thread 0x0000000056f72800 Uncommon trap: reason=class_check action=maybe_recompile pc=0x0000000002dc87bc method=java.util.HashMap.putVal(ILjava/lang/Object;Ljava/lang/Object;ZZ)Ljava/lang/Object; @ 203
Event: 1.572 Thread 0x0000000056f72800 Uncommon trap: reason=class_check action=maybe_recompile pc=0x0000000002dc87bc method=java.util.HashMap.putVal(ILjava/lang/Object;Ljava/lang/Object;ZZ)Ljava/lang/Object; @ 203
Event: 1.649 Thread 0x0000000056f72800 Uncommon trap: reason=speculate_class_check action=maybe_recompile pc=0x0000000002f41b54 method=com.android.dx.util.FixedSizeList.equals(Ljava/lang/Object;)Z @ 25
Event: 1.649 Thread 0x0000000056f72800 Uncommon trap: reason=class_check action=maybe_recompile pc=0x0000000002cf8794 method=java.util.Arrays.equals([Ljava/lang/Object;[Ljava/lang/Object;)Z @ 62
Event: 1.649 Thread 0x0000000056f72800 Uncommon trap: reason=speculate_class_check action=maybe_recompile pc=0x0000000002f41b54 method=com.android.dx.util.FixedSizeList.equals(Ljava/lang/Object;)Z @ 25
Event: 1.649 Thread 0x0000000056f72800 Uncommon trap: reason=class_check action=maybe_recompile pc=0x0000000002cf8794 method=java.util.Arrays.equals([Ljava/lang/Object;[Ljava/lang/Object;)Z @ 62
Event: 1.649 Thread 0x0000000056f72800 Uncommon trap: reason=speculate_class_check action=maybe_recompile pc=0x0000000002f41b54 method=com.android.dx.util.FixedSizeList.equals(Ljava/lang/Object;)Z @ 25
Event: 1.649 Thread 0x0000000056f72800 Uncommon trap: reason=class_check action=maybe_recompile pc=0x0000000002cf8794 method=java.util.Arrays.equals([Ljava/lang/Object;[Ljava/lang/Object;)Z @ 62
Event: 1.649 Thread 0x0000000056f72800 Uncommon trap: reason=speculate_class_check action=maybe_recompile pc=0x0000000002f41b54 method=com.android.dx.util.FixedSizeList.equals(Ljava/lang/Object;)Z @ 25
Event: 1.649 Thread 0x0000000056f72800 Uncommon trap: reason=unstable_if action=reinterpret pc=0x0000000002cf87c8 method=java.util.Arrays.equals([Ljava/lang/Object;[Ljava/lang/Object;)Z @ 23

Internal exceptions (5 events):
Event: 0.032 Thread 0x000000000231e800 Exception <a 'java/lang/NoSuchMethodError': Method sun.misc.Unsafe.defineClass(Ljava/lang/String;[BII)Ljava/lang/Class; name or signature does not match> (0x00000000eab07cc0) thrown at [C:\src\android\AOSP-openjdk\external\jetbrains\jdk\hotspot\src\share\v7Î^çy ?
Event: 0.032 Thread 0x000000000231e800 Exception <a 'java/lang/NoSuchMethodError': Method sun.misc.Unsafe.prefetchRead(Ljava/lang/Object;J)V name or signature does not match> (0x00000000eab07fa8) thrown at [C:\src\android\AOSP-openjdk\external\jetbrains\jdk\hotspot\src\share\vm\prims\jni.cpp, l|×`:Õò?
Event: 1.177 Thread 0x0000000056fc6800 Implicit null exception at 0x0000000002c0c1d2 to 0x0000000002c0c2c2
Event: 1.306 Thread 0x0000000056fc6800 Implicit null exception at 0x0000000002beaaa9 to 0x0000000002beca1d
Event: 1.306 Thread 0x0000000056fc6800 Implicit null exception at 0x0000000002bb91cc to 0x0000000002bbb541

Events (10 events):
Event: 1.649 Thread 0x0000000056f72800 DEOPT PACKING pc=0x0000000002cf87c8 sp=0x0000000057cde710
Event: 1.649 Thread 0x0000000056f72800 DEOPT UNPACKING pc=0x000000000295556a sp=0x0000000057cde6b0 mode 2
Event: 1.649 loading class com/android/dx/dex/code/CatchTable$Entry
Event: 1.649 loading class com/android/dx/dex/code/CatchTable$Entry done
Event: 1.649 loading class com/android/dx/util/ByteArrayAnnotatedOutput
Event: 1.649 loading class com/android/dx/util/ByteArrayAnnotatedOutput done
Event: 1.671 Thread 0x0000000056f72800 DEOPT PACKING pc=0x0000000002f2a61e sp=0x0000000057cde890
Event: 1.671 Thread 0x0000000056f72800 DEOPT UNPACKING pc=0x00000000029571bf sp=0x0000000057cde640 mode 0
Event: 1.671 Thread 0x0000000056f72800 DEOPT PACKING pc=0x0000000002f2a61e sp=0x0000000057cde890
Event: 1.671 Thread 0x0000000056f72800 DEOPT UNPACKING pc=0x00000000029571bf sp=0x0000000057cde640 mode 0


Dynamic libraries:
0x000000013f840000 - 0x000000013f871000 	D:\Program files\Android\Android Studio\jre\bin\java.exe
0x0000000076df0000 - 0x0000000076f99000 	C:\Windows\SYSTEM32\ntdll.dll
0x0000000076cd0000 - 0x0000000076def000 	C:\Windows\system32\kernel32.dll
0x000007fefcbd0000 - 0x000007fefcc3c000 	C:\Windows\system32\KERNELBASE.dll
0x000007fefdb50000 - 0x000007fefdc2b000 	C:\Windows\system32\ADVAPI32.dll
0x000007fefee90000 - 0x000007fefef2f000 	C:\Windows\system32\msvcrt.dll
0x000007fefcf70000 - 0x000007fefcf8f000 	C:\Windows\SYSTEM32\sechost.dll
0x000007fefd950000 - 0x000007fefda7d000 	C:\Windows\system32\RPCRT4.dll
0x0000000076bd0000 - 0x0000000076cca000 	C:\Windows\system32\USER32.dll
0x000007fefd430000 - 0x000007fefd497000 	C:\Windows\system32\GDI32.dll
0x000007fefef30000 - 0x000007fefef3e000 	C:\Windows\system32\LPK.dll
0x000007feff030000 - 0x000007feff0f9000 	C:\Windows\system32\USP10.dll
0x000007fefb350000 - 0x000007fefb544000 	C:\Windows\WinSxS\amd64_microsoft.windows.common-controls_6595b64144ccf1df_6.0.7601.17514_none_fa396087175ac9ac\COMCTL32.dll
0x000007fefcf90000 - 0x000007fefd001000 	C:\Windows\system32\SHLWAPI.dll
0x000007fefef60000 - 0x000007fefef8e000 	C:\Windows\system32\IMM32.DLL
0x000007fefd110000 - 0x000007fefd219000 	C:\Windows\system32\MSCTF.dll
0x000000006ef30000 - 0x000000006f002000 	D:\Program files\Android\Android Studio\jre\jre\bin\msvcr100.dll
0x0000000060960000 - 0x0000000061194000 	D:\Program files\Android\Android Studio\jre\jre\bin\server\jvm.dll
0x000007fee8600000 - 0x000007fee8609000 	C:\Windows\system32\WSOCK32.dll
0x000007fefdb00000 - 0x000007fefdb4d000 	C:\Windows\system32\WS2_32.dll
0x000007fefeb50000 - 0x000007fefeb58000 	C:\Windows\system32\NSI.dll
0x000007fef9310000 - 0x000007fef934b000 	C:\Windows\system32\WINMM.dll
0x000007fefbc70000 - 0x000007fefbc7c000 	C:\Windows\system32\VERSION.dll
0x0000000076fb0000 - 0x0000000076fb7000 	C:\Windows\system32\PSAPI.DLL
0x000007fefb330000 - 0x000007fefb33f000 	D:\Program files\Android\Android Studio\jre\jre\bin\verify.dll
0x000007feec2a0000 - 0x000007feec2c9000 	D:\Program files\Android\Android Studio\jre\jre\bin\java.dll
0x000007feec2e0000 - 0x000007feec2f6000 	D:\Program files\Android\Android Studio\jre\jre\bin\zip.dll
0x000007fefddc0000 - 0x000007fefeb48000 	C:\Windows\system32\SHELL32.dll
0x000007fefd220000 - 0x000007fefd423000 	C:\Windows\system32\ole32.dll
0x000007fefcbb0000 - 0x000007fefcbbf000 	C:\Windows\system32\profapi.dll
0x000007fef4040000 - 0x000007fef4165000 	C:\Windows\system32\dbghelp.dll

VM Arguments:
jvm_args: -Djava.awt.headless=true -Xmx1024M -Dfile.encoding=windows-1251 -Duser.country=RU -Duser.language=ru -Duser.variant 
java_command: com.android.dx.command.Main --dex --force-jumbo --num-threads=4 --multi-dex --output D:\Temp\Test_android\!IOTmyManager\app\build\intermediates\transforms\dex\debug\folders\1000\5\slice_1 D:\Temp\Test_android\!IOTmyManager\app\build\intermediates\transforms\instantRunSlicer\debug\folders\1\5\slice_1
java_class_path (initial): D:\AndroidStudio\SDK\build-tools\25.0.2\lib\dx.jar
Launcher Type: SUN_STANDARD

Environment Variables:
JAVA_HOME=c:\Program Files (x86)\Java\jdk1.8.0_101\
PATH=C:\ProgramData\Oracle\Java\javapath;C:\Windows\system32;C:\Windows;C:\Windows\System32\Wbem;C:\Windows\System32\WindowsPowerShell\v1.0\;C:\Program Files (x86)\AMD\ATI.ACE\Core-Static;C:\Program Files (x86)\Skype\Phone\;C:\Program Files (x86)\MKVToolNix;d:\Program files\Android+SDK+Platform+Tools\;C:\Program Files (x86)\QuickTime\QTSystem\
USERNAME=sp_1
OS=Windows_NT
PROCESSOR_IDENTIFIER=AMD64 Family 21 Model 1 Stepping 2, AuthenticAMD



---------------  S Y S T E M  ---------------

OS: Windows 7 , 64 bit Build 7601 (6.1.7601.18409)

CPU:total 6 (6 cores per cpu, 1 threads per core) family 21 model 1 stepping 2, cmov, cx8, fxsr, mmx, sse, sse2, sse3, ssse3, sse4.1, sse4.2, popcnt, avx, aes, clmul, mmxext, 3dnowpref, lzcnt, sse4a, tsc, tscinvbit, tscinv

Memory: 4k page, physical 10467448k(5863152k free), swap 11489588k(6444272k free)

vm_info: OpenJDK 64-Bit Server VM (25.76-b03) for windows-amd64 JRE (1.8.0_76-release-b03), built on Jun 29 2016 19:09:20 by "ralucas" with MS VC++ 10.0 (VS2010)

time: Wed Mar 22 19:32:42 2017
elapsed time: 1 seconds (0d 0h 0m 1s)

