#
# A fatal error has been detected by the Java Runtime Environment:
#
#  EXCEPTION_ACCESS_VIOLATION (0xc0000005) at pc=0x000000005ee37fc9, pid=7972, tid=0x00000000000009cc
#
# JRE version: OpenJDK Runtime Environment (8.0_76-b03) (build 1.8.0_76-release-b03)
# Java VM: OpenJDK 64-Bit Server VM (25.76-b03 mixed mode windows-amd64 compressed oops)
# Problematic frame:
# V  [jvm.dll+0x3b7fc9]
#
# Failed to write core dump. Minidumps are not enabled by default on client versions of Windows
#
# If you would like to submit a bug report, please visit:
#   http://bugreport.java.com/bugreport/crash.jsp
#

---------------  T H R E A D  ---------------

Current thread (0x0000000002257000):  GCTaskThread [stack: 0x00000000122a0000,0x00000000123a0000] [id=2508]

siginfo: ExceptionCode=0xc0000005, reading address 0x0000000000000120

Registers:
RAX=0x0000000000000000, RBX=0x0000000011d71efc, RCX=0x0000000014891080, RDX=0x0000000055460700
RSP=0x000000001239f1e0, RBP=0x0000000011d71f01, RSI=0x00000000c03df800, RDI=0x00000000c03dd828
R8 =0x00000000c03dd828, R9 =0x0000000014891080, R10=0x000000000000000c, R11=0x000000000000000c
R12=0x0000000011d71eeb, R13=0x0000000055460700, R14=0x000000000224cd80, R15=0x000000000000000c
RIP=0x000000005ee37fc9, EFLAGS=0x0000000000010207

Top of Stack: (sp=0x000000001239f1e0)
0x000000001239f1e0:   0000000011d71efc 0000000011d71f01
0x000000001239f1f0:   00000000c03df800 00000000c09a9389
0x000000001239f200:   0000000011d71e00 0000000011d74d3d
0x000000001239f210:   0000000000000300 0000000000000080
0x000000001239f220:   00000000021ed360 0000000002250840
0x000000001239f230:   000000005f08d1b0 0000000000000000
0x000000001239f240:   0000000000000000 00000000552f5480
0x000000001239f250:   0000000002257220 0000000002257210
0x000000001239f260:   0000000055460700 000000005ee4a692
0x000000001239f270:   0000000011d71e80 000000000224cf40
0x000000001239f280:   00000000c03e00a8 00000000c09a7898
0x000000001239f290:   0000000055460700 0000000000000001
0x000000001239f2a0:   0000000000000006 000000000224c7d0
0x000000001239f2b0:   00000000552f5480 000000005ee3997e
0x000000001239f2c0:   0000000002257000 0000000000000000
0x000000001239f2d0:   0000000000000000 0000000000000000 

Instructions: (pc=0x000000005ee37fc9)
0x000000005ee37fa9:   9b a6 39 00 eb 04 4c 8b 4f 08 41 81 79 08 00 00
0x000000005ee37fb9:   00 c0 73 12 49 8b 01 4c 8b c7 49 8b d5 49 8b c9
0x000000005ee37fc9:   ff 90 20 01 00 00 80 3d cb 7c 3f 00 00 74 16 44
0x000000005ee37fd9:   8b 47 08 8b 0d 6e a6 39 00 49 d3 e0 4c 03 05 5c 


Register to memory mapping:

RAX=0x0000000000000000 is an unknown value
RBX=0x0000000011d71efc is an unknown value
RCX=0x0000000014891080 is an unknown value
RDX=0x0000000055460700 is an unknown value
RSP=0x000000001239f1e0 is an unknown value
RBP=0x0000000011d71f01 is an unknown value
RSI=0x00000000c03df800 is pointing into object: 0x00000000c03df7c8
[J 
 - klass: {type array long}
 - length: 49
RDI=
[error occurred during error reporting (printing register info), id 0xc0000005]

Stack: [0x00000000122a0000,0x00000000123a0000],  sp=0x000000001239f1e0,  free space=1020k
Native frames: (J=compiled Java code, j=interpreted, Vv=VM code, C=native code)
V  [jvm.dll+0x3b7fc9]
V  [jvm.dll+0x3ca692]
V  [jvm.dll+0x3b997e]
V  [jvm.dll+0x26b60a]
C  [msvcr100.dll+0x21d9f]
C  [msvcr100.dll+0x21e3b]
C  [kernel32.dll+0x159ed]
C  [ntdll.dll+0x2c541]


---------------  P R O C E S S  ---------------

Java Threads: ( => current thread )
  0x0000000057041000 JavaThread "pool-2-thread-4" [_thread_blocked, id=4572, stack(0x00000000581d0000,0x00000000582d0000)]
  0x0000000057040000 JavaThread "pool-2-thread-3" [_thread_blocked, id=4784, stack(0x0000000058070000,0x0000000058170000)]
  0x000000005703f000 JavaThread "pool-2-thread-2" [_thread_blocked, id=4976, stack(0x0000000057ec0000,0x0000000057fc0000)]
  0x0000000056f25000 JavaThread "pool-3-thread-1" [_thread_blocked, id=10040, stack(0x0000000057760000,0x0000000057860000)]
  0x0000000056f24800 JavaThread "pool-2-thread-1" [_thread_blocked, id=10736, stack(0x0000000057c60000,0x0000000057d60000)]
  0x0000000056e3e000 JavaThread "Service Thread" daemon [_thread_blocked, id=8012, stack(0x0000000057af0000,0x0000000057bf0000)]
  0x0000000056dca000 JavaThread "C1 CompilerThread2" daemon [_thread_blocked, id=6440, stack(0x00000000578a0000,0x00000000579a0000)]
  0x0000000056dc5000 JavaThread "C2 CompilerThread1" daemon [_thread_blocked, id=10844, stack(0x0000000057630000,0x0000000057730000)]
  0x0000000056db0000 JavaThread "C2 CompilerThread0" daemon [_thread_blocked, id=3544, stack(0x0000000057500000,0x0000000057600000)]
  0x0000000056dae800 JavaThread "Attach Listener" daemon [_thread_blocked, id=6524, stack(0x0000000057350000,0x0000000057450000)]
  0x0000000056dad800 JavaThread "Signal Dispatcher" daemon [_thread_blocked, id=8456, stack(0x00000000571b0000,0x00000000572b0000)]
  0x0000000056da0800 JavaThread "Finalizer" daemon [_thread_blocked, id=10868, stack(0x0000000056b60000,0x0000000056c60000)]
  0x000000005546b000 JavaThread "Reference Handler" daemon [_thread_blocked, id=9392, stack(0x0000000056c60000,0x0000000056d60000)]
  0x00000000021ee800 JavaThread "main" [_thread_blocked, id=7668, stack(0x00000000025e0000,0x00000000026e0000)]

Other Threads:
  0x0000000055463800 VMThread [stack: 0x0000000056a30000,0x0000000056b30000] [id=2248]
  0x0000000056e47000 WatcherThread [stack: 0x00000000579e0000,0x0000000057ae0000] [id=4952]

=>0x0000000002257000 (exited) GCTaskThread [stack: 0x00000000122a0000,0x00000000123a0000] [id=2508]

VM state:at safepoint (normal execution)

VM Mutex/Monitor currently owned by a thread:  ([mutex/lock_event])
[0x00000000021ec160] Threads_lock - owner thread: 0x0000000055463800
[0x00000000021ec660] Heap_lock - owner thread: 0x0000000056f24800

Heap:
 PSYoungGen      total 47616K, used 47586K [0x00000000eab00000, 0x00000000f0800000, 0x0000000100000000)
  eden space 40960K, 100% used [0x00000000eab00000,0x00000000ed300000,0x00000000ed300000)
  from space 6656K, 99% used [0x00000000ed300000,0x00000000ed978908,0x00000000ed980000)
  to   space 6656K, 99% used [0x00000000f0180000,0x00000000f07fac78,0x00000000f0800000)
 ParOldGen       total 109568K, used 23575K [0x00000000c0000000, 0x00000000c6b00000, 0x00000000eab00000)
  object space 109568K, 21% used [0x00000000c0000000,0x00000000c1705cc0,0x00000000c6b00000)
 Metaspace       used 5654K, capacity 6896K, committed 7040K, reserved 1056768K
  class space    used 558K, capacity 616K, committed 640K, reserved 1048576K

Card table byte_map: [0x0000000011d70000,0x0000000011f80000] byte_map_base: 0x0000000011770000

Marking Bits: (ParMarkBitMap*) 0x000000005f239d00
 Begin Bits: [0x0000000012880000, 0x0000000013880000)
 End Bits:   [0x0000000013880000, 0x0000000014880000)

Polling page: 0x0000000000130000

CodeCache: size=245760Kb used=4463Kb max_used=4466Kb free=241297Kb
 bounds [0x00000000029b0000, 0x0000000002e20000, 0x00000000119b0000]
 total_blobs=1360 nmethods=1100 adapters=175
 compilation: enabled

Compilation events (10 events):
Event: 0.857 Thread 0x0000000056dca000 1127       2       com.android.dx.ssa.SsaMethod::onSourceChanged (65 bytes)
Event: 0.858 Thread 0x0000000056dca000 nmethod 1127 0x0000000002e0f710 code [0x0000000002e0f8a0, 0x0000000002e0fc38]
Event: 0.862 Thread 0x0000000056dca000 1130       2       com.android.dx.rop.cst.TypedConstant::getBasicType (8 bytes)
Event: 0.862 Thread 0x0000000056dca000 nmethod 1130 0x0000000002e08d90 code [0x0000000002e08f00, 0x0000000002e09088]
Event: 0.862 Thread 0x0000000056dca000 1131       2       com.android.dx.rop.code.RegisterSpec::withType (13 bytes)
Event: 0.862 Thread 0x0000000056dca000 nmethod 1131 0x0000000002e0f350 code [0x0000000002e0f4c0, 0x0000000002e0f648]
Event: 0.862 Thread 0x0000000056dca000 1132       2       com.android.dx.cf.code.Merger::mergeType (142 bytes)
Event: 0.863 Thread 0x0000000056dca000 nmethod 1132 0x0000000002e0e610 code [0x0000000002e0e840, 0x0000000002e0edc8]
Event: 0.863 Thread 0x0000000056dca000 1133       2       com.android.dx.ssa.PhiTypeResolver::equalsHandlesNulls (23 bytes)
Event: 0.864 Thread 0x0000000056dca000 nmethod 1133 0x0000000002e0e190 code [0x0000000002e0e300, 0x0000000002e0e508]

GC Heap History (3 events):
Event: 0.675 GC heap before
{Heap before GC invocations=1 (full 0):
 PSYoungGen      total 47616K, used 40960K [0x00000000eab00000, 0x00000000ee000000, 0x0000000100000000)
  eden space 40960K, 100% used [0x00000000eab00000,0x00000000ed300000,0x00000000ed300000)
  from space 6656K, 0% used [0x00000000ed980000,0x00000000ed980000,0x00000000ee000000)
  to   space 6656K, 0% used [0x00000000ed300000,0x00000000ed300000,0x00000000ed980000)
 ParOldGen       total 109568K, used 0K [0x00000000c0000000, 0x00000000c6b00000, 0x00000000eab00000)
  object space 109568K, 0% used [0x00000000c0000000,0x00000000c0000000,0x00000000c6b00000)
 Metaspace       used 5596K, capacity 6832K, committed 7040K, reserved 1056768K
  class space    used 557K, capacity 616K, committed 640K, reserved 1048576K
Event: 0.700 GC heap after
Heap after GC invocations=1 (full 0):
 PSYoungGen      total 47616K, used 6626K [0x00000000eab00000, 0x00000000f0800000, 0x0000000100000000)
  eden space 40960K, 0% used [0x00000000eab00000,0x00000000eab00000,0x00000000ed300000)
  from space 6656K, 99% used [0x00000000ed300000,0x00000000ed978908,0x00000000ed980000)
  to   space 6656K, 0% used [0x00000000f0180000,0x00000000f0180000,0x00000000f0800000)
 ParOldGen       total 109568K, used 9886K [0x00000000c0000000, 0x00000000c6b00000, 0x00000000eab00000)
  object space 109568K, 9% used [0x00000000c0000000,0x00000000c09a7898,0x00000000c6b00000)
 Metaspace       used 5596K, capacity 6832K, committed 7040K, reserved 1056768K
  class space    used 557K, capacity 616K, committed 640K, reserved 1048576K
}
Event: 0.865 GC heap before
{Heap before GC invocations=2 (full 0):
 PSYoungGen      total 47616K, used 47586K [0x00000000eab00000, 0x00000000f0800000, 0x0000000100000000)
  eden space 40960K, 100% used [0x00000000eab00000,0x00000000ed300000,0x00000000ed300000)
  from space 6656K, 99% used [0x00000000ed300000,0x00000000ed978908,0x00000000ed980000)
  to   space 6656K, 0% used [0x00000000f0180000,0x00000000f0180000,0x00000000f0800000)
 ParOldGen       total 109568K, used 9886K [0x00000000c0000000, 0x00000000c6b00000, 0x00000000eab00000)
  object space 109568K, 9% used [0x00000000c0000000,0x00000000c09a7898,0x00000000c6b00000)
 Metaspace       used 5654K, capacity 6896K, committed 7040K, reserved 1056768K
  class space    used 558K, capacity 616K, committed 640K, reserved 1048576K

Deoptimization events (10 events):
Event: 0.326 Thread 0x0000000057041000 Uncommon trap: reason=class_check action=maybe_recompile pc=0x0000000002b6fb64 method=com.android.dx.rop.cst.Constant.compareTo(Ljava/lang/Object;)I @ 2
Event: 0.326 Thread 0x0000000057041000 Uncommon trap: reason=class_check action=maybe_recompile pc=0x0000000002b6fb64 method=com.android.dx.rop.cst.Constant.compareTo(Ljava/lang/Object;)I @ 2
Event: 0.326 Thread 0x00000000021ee800 Uncommon trap: reason=class_check action=maybe_recompile pc=0x0000000002b6fb64 method=com.android.dx.rop.cst.Constant.compareTo(Ljava/lang/Object;)I @ 2
Event: 0.326 Thread 0x00000000021ee800 Uncommon trap: reason=class_check action=maybe_recompile pc=0x0000000002b6fb64 method=com.android.dx.rop.cst.Constant.compareTo(Ljava/lang/Object;)I @ 2
Event: 0.474 Thread 0x000000005703f000 Uncommon trap: reason=speculate_class_check action=maybe_recompile pc=0x0000000002c9b100 method=com.android.dx.rop.cst.Constant.compareTo(Lcom/android/dx/rop/cst/Constant;)I @ 29
Event: 0.474 Thread 0x000000005703f000 Uncommon trap: reason=speculate_class_check action=maybe_recompile pc=0x0000000002c9b100 method=com.android.dx.rop.cst.Constant.compareTo(Lcom/android/dx/rop/cst/Constant;)I @ 29
Event: 0.474 Thread 0x000000005703f000 Uncommon trap: reason=speculate_class_check action=maybe_recompile pc=0x0000000002c9b100 method=com.android.dx.rop.cst.Constant.compareTo(Lcom/android/dx/rop/cst/Constant;)I @ 29
Event: 0.474 Thread 0x000000005703f000 Uncommon trap: reason=speculate_class_check action=maybe_recompile pc=0x0000000002c9b100 method=com.android.dx.rop.cst.Constant.compareTo(Lcom/android/dx/rop/cst/Constant;)I @ 29
Event: 0.553 Thread 0x0000000057041000 Uncommon trap: reason=null_check action=make_not_entrant pc=0x0000000002cc7650 method=com.android.dx.rop.type.Type.equals(Ljava/lang/Object;)Z @ 8
Event: 0.559 Thread 0x0000000057041000 Uncommon trap: reason=unstable_if action=reinterpret pc=0x0000000002b7e124 method=java.util.HashMap.getNode(ILjava/lang/Object;)Ljava/util/HashMap$Node; @ 62

Internal exceptions (3 events):
Event: 0.031 Thread 0x00000000021ee800 Exception <a 'java/lang/NoSuchMethodError': Method sun.misc.Unsafe.defineClass(Ljava/lang/String;[BII)Ljava/lang/Class; name or signature does not match> (0x00000000eab07cc0) thrown at [C:\src\android\AOSP-openjdk\external\jetbrains\jdk\hotspot\src\share\v¨¼¢ÚpŸ?
Event: 0.031 Thread 0x00000000021ee800 Exception <a 'java/lang/NoSuchMethodError': Method sun.misc.Unsafe.prefetchRead(Ljava/lang/Object;J)V name or signature does not match> (0x00000000eab07fa8) thrown at [C:\src\android\AOSP-openjdk\external\jetbrains\jdk\hotspot\src\share\vm\prims\jni.cpp, lè˜áþ¯á?
Event: 0.553 Thread 0x0000000057041000 Implicit null exception at 0x0000000002cc7552 to 0x0000000002cc7642

Events (10 events):
Event: 0.832 Thread 0x0000000056f24800 DEOPT UNPACKING pc=0x00000000029f71bf sp=0x0000000057d5e9b8 mode 0
Event: 0.832 Thread 0x0000000057040000 DEOPT PACKING pc=0x0000000002d91367 sp=0x000000005816e580
Event: 0.833 Thread 0x0000000057040000 DEOPT UNPACKING pc=0x00000000029f71bf sp=0x000000005816e300 mode 0
Event: 0.849 Thread 0x0000000056f24800 DEOPT PACKING pc=0x0000000002bec7d4 sp=0x0000000057d5ecc0
Event: 0.849 Thread 0x0000000056f24800 DEOPT UNPACKING pc=0x00000000029f71bf sp=0x0000000057d5e9f0 mode 0
Event: 0.849 Thread 0x0000000056f24800 DEOPT PACKING pc=0x0000000002e0bbda sp=0x0000000057d5ec40
Event: 0.849 Thread 0x0000000056f24800 DEOPT UNPACKING pc=0x00000000029f71bf sp=0x0000000057d5e9e8 mode 0
Event: 0.858 Thread 0x0000000057040000 DEOPT PACKING pc=0x0000000002bec7d4 sp=0x000000005816e4e0
Event: 0.858 Thread 0x0000000057040000 DEOPT UNPACKING pc=0x00000000029f71bf sp=0x000000005816e210 mode 0
Event: 0.865 Executing VM operation: ParallelGCFailedAllocation


Dynamic libraries:
0x000000013f200000 - 0x000000013f231000 	D:\Program files\Android\Android Studio\jre\bin\java.exe
0x0000000077000000 - 0x00000000771a9000 	C:\Windows\SYSTEM32\ntdll.dll
0x0000000076de0000 - 0x0000000076eff000 	C:\Windows\system32\kernel32.dll
0x000007fefce10000 - 0x000007fefce7c000 	C:\Windows\system32\KERNELBASE.dll
0x000007fefdd00000 - 0x000007fefdddb000 	C:\Windows\system32\ADVAPI32.dll
0x000007fefd590000 - 0x000007fefd62f000 	C:\Windows\system32\msvcrt.dll
0x000007fefe560000 - 0x000007fefe57f000 	C:\Windows\SYSTEM32\sechost.dll
0x000007fefd630000 - 0x000007fefd75d000 	C:\Windows\system32\RPCRT4.dll
0x0000000076f00000 - 0x0000000076ffa000 	C:\Windows\system32\USER32.dll
0x000007fefe450000 - 0x000007fefe4b7000 	C:\Windows\system32\GDI32.dll
0x000007fefdde0000 - 0x000007fefddee000 	C:\Windows\system32\LPK.dll
0x000007fefdc10000 - 0x000007fefdcd9000 	C:\Windows\system32\USP10.dll
0x000007fefb950000 - 0x000007fefbb44000 	C:\Windows\WinSxS\amd64_microsoft.windows.common-controls_6595b64144ccf1df_6.0.7601.17514_none_fa396087175ac9ac\COMCTL32.dll
0x000007fefdf20000 - 0x000007fefdf91000 	C:\Windows\system32\SHLWAPI.dll
0x000007fefd180000 - 0x000007fefd1ae000 	C:\Windows\system32\IMM32.DLL
0x000007fefd800000 - 0x000007fefd909000 	C:\Windows\system32\MSCTF.dll
0x00000000677b0000 - 0x0000000067882000 	D:\Program files\Android\Android Studio\jre\jre\bin\msvcr100.dll
0x000000005ea80000 - 0x000000005f2b4000 	D:\Program files\Android\Android Studio\jre\jre\bin\server\jvm.dll
0x000007fef0600000 - 0x000007fef0609000 	C:\Windows\system32\WSOCK32.dll
0x000007fefde50000 - 0x000007fefde9d000 	C:\Windows\system32\WS2_32.dll
0x000007fefdc00000 - 0x000007fefdc08000 	C:\Windows\system32\NSI.dll
0x000007fefb0e0000 - 0x000007fefb11b000 	C:\Windows\system32\WINMM.dll
0x000007fefbe40000 - 0x000007fefbe4c000 	C:\Windows\system32\VERSION.dll
0x00000000771c0000 - 0x00000000771c7000 	C:\Windows\system32\PSAPI.DLL
0x000007feeebc0000 - 0x000007feeebcf000 	D:\Program files\Android\Android Studio\jre\jre\bin\verify.dll
0x000007fee8bb0000 - 0x000007fee8bd9000 	D:\Program files\Android\Android Studio\jre\jre\bin\java.dll
0x000007feeea70000 - 0x000007feeea86000 	D:\Program files\Android\Android Studio\jre\jre\bin\zip.dll
0x000007fefe580000 - 0x000007feff308000 	C:\Windows\system32\SHELL32.dll
0x000007fefd910000 - 0x000007fefdb13000 	C:\Windows\system32\ole32.dll
0x000007fefcdc0000 - 0x000007fefcdcf000 	C:\Windows\system32\profapi.dll
0x000007feeebd0000 - 0x000007feeecf5000 	C:\Windows\system32\dbghelp.dll

VM Arguments:
jvm_args: -Djava.awt.headless=true -Xmx1024M -Dfile.encoding=windows-1251 -Duser.country=RU -Duser.language=ru -Duser.variant 
java_command: com.android.dx.command.Main --dex --force-jumbo --num-threads=4 --multi-dex --output D:\Temp\IOTmyManager\app\build\intermediates\transforms\dex\debug\folders\1000\5\slice_1 D:\Temp\IOTmyManager\app\build\intermediates\transforms\instantRunSlicer\debug\folders\1\5\slice_1
java_class_path (initial): D:\AndroidStudio\SDK\build-tools\25.0.2\lib\dx.jar
Launcher Type: SUN_STANDARD

Environment Variables:
JAVA_HOME=c:\Program Files (x86)\Java\jdk1.8.0_101\
PATH=C:\ProgramData\Oracle\Java\javapath;C:\Windows\system32;C:\Windows;C:\Windows\System32\Wbem;C:\Windows\System32\WindowsPowerShell\v1.0\;C:\Program Files (x86)\AMD\ATI.ACE\Core-Static;C:\Program Files (x86)\Skype\Phone\;C:\Program Files (x86)\MKVToolNix;d:\Program files\Android+SDK+Platform+Tools\;C:\Program Files (x86)\QuickTime\QTSystem\
USERNAME=sp_1
OS=Windows_NT
PROCESSOR_IDENTIFIER=AMD64 Family 21 Model 1 Stepping 2, AuthenticAMD



---------------  S Y S T E M  ---------------

OS: Windows 7 , 64 bit Build 7601 (6.1.7601.18409)

CPU:total 6 (6 cores per cpu, 1 threads per core) family 21 model 1 stepping 2, cmov, cx8, fxsr, mmx, sse, sse2, sse3, ssse3, sse4.1, sse4.2, popcnt, avx, aes, clmul, mmxext, 3dnowpref, lzcnt, sse4a, tsc, tscinvbit, tscinv

Memory: 4k page, physical 10467448k(5131872k free), swap 11489588k(5936400k free)

vm_info: OpenJDK 64-Bit Server VM (25.76-b03) for windows-amd64 JRE (1.8.0_76-release-b03), built on Jun 29 2016 19:09:20 by "ralucas" with MS VC++ 10.0 (VS2010)

time: Sat Feb 18 12:15:08 2017
elapsed time: 1 seconds (0d 0h 0m 1s)

